<?xml version="1.0" encoding="UTF-8"?>
<testng-results ignored="0" total="1" passed="1" failed="0" skipped="0">
  <reporter-output>
  </reporter-output>
  <suite started-at="2022-11-29T18:23:57 IST" name="Surefire suite" finished-at="2022-11-29T18:24:11 IST" duration-ms="13374">
    <groups>
    </groups>
    <test started-at="2022-11-29T18:23:57 IST" name="Surefire test" finished-at="2022-11-29T18:24:11 IST" duration-ms="13374">
      <class name="com.qa.java.demoqa.ToolsQATest">
        <test-method is-config="true" signature="test1()[pri:0, instance:com.qa.java.demoqa.ToolsQATest@1d548a08]" started-at="2022-11-29T18:23:57 IST" name="test1" finished-at="2022-11-29T18:24:03 IST" duration-ms="5839" status="PASS">
          <reporter-output>
          </reporter-output>
        </test-method> <!-- test1 -->
        <test-method signature="test2()[pri:0, instance:com.qa.java.demoqa.ToolsQATest@1d548a08]" started-at="2022-11-29T18:24:03 IST" name="test2" finished-at="2022-11-29T18:24:11 IST" duration-ms="7508" status="PASS">
          <reporter-output>
          </reporter-output>
        </test-method> <!-- test2 -->
      </class> <!-- com.qa.java.demoqa.ToolsQATest -->
    </test> <!-- Surefire test -->
  </suite> <!-- Surefire suite -->
</testng-results>
