<?xml version="1.0" encoding="UTF-8"?>
<testng-results ignored="0" total="1" passed="1" failed="0" skipped="0">
  <reporter-output>
  </reporter-output>
  <suite started-at="2022-11-23T16:23:14 IST" name="Default suite" finished-at="2022-11-23T16:23:38 IST" duration-ms="24467">
    <groups>
    </groups>
    <test started-at="2022-11-23T16:23:14 IST" name="Default test" finished-at="2022-11-23T16:23:38 IST" duration-ms="24467">
      <class name="com.qa.java.demoqa.ToolsQATest">
        <test-method is-config="true" signature="test1()[pri:0, instance:com.qa.java.demoqa.ToolsQATest@3d6f0054]" started-at="2022-11-23T16:23:14 IST" name="test1" finished-at="2022-11-23T16:23:31 IST" duration-ms="16844" status="PASS">
          <reporter-output>
          </reporter-output>
        </test-method> <!-- test1 -->
        <test-method signature="test2()[pri:0, instance:com.qa.java.demoqa.ToolsQATest@3d6f0054]" started-at="2022-11-23T16:23:31 IST" name="test2" finished-at="2022-11-23T16:23:38 IST" duration-ms="7598" status="PASS">
          <reporter-output>
          </reporter-output>
        </test-method> <!-- test2 -->
      </class> <!-- com.qa.java.demoqa.ToolsQATest -->
    </test> <!-- Default test -->
  </suite> <!-- Default suite -->
</testng-results>
