<?xml version="1.0" encoding="UTF-8"?>
<testng-results ignored="0" total="1" passed="1" failed="0" skipped="0">
  <reporter-output>
  </reporter-output>
  <suite started-at="2022-12-01T10:02:12 IST" name="Default suite" finished-at="2022-12-01T10:02:37 IST" duration-ms="24645">
    <groups>
    </groups>
    <test started-at="2022-12-01T10:02:12 IST" name="Default test" finished-at="2022-12-01T10:02:37 IST" duration-ms="24645">
      <class name="com.qa.java.demoqa.ToolsQATest">
        <test-method is-config="true" signature="Browser()[pri:0, instance:com.qa.java.demoqa.ToolsQATest@a530d0a]" started-at="2022-12-01T10:02:12 IST" name="Browser" finished-at="2022-12-01T10:02:20 IST" duration-ms="7186" status="PASS">
          <reporter-output>
          </reporter-output>
        </test-method> <!-- Browser -->
        <test-method signature="OrangeHRM()[pri:0, instance:com.qa.java.demoqa.ToolsQATest@a530d0a]" started-at="2022-12-01T10:02:20 IST" name="OrangeHRM" finished-at="2022-12-01T10:02:31 IST" duration-ms="10969" status="PASS">
          <reporter-output>
          </reporter-output>
        </test-method> <!-- OrangeHRM -->
        <test-method is-config="true" signature="test3()[pri:0, instance:com.qa.java.demoqa.ToolsQATest@a530d0a]" started-at="2022-12-01T10:02:31 IST" name="test3" finished-at="2022-12-01T10:02:37 IST" duration-ms="6462" status="PASS">
          <reporter-output>
          </reporter-output>
        </test-method> <!-- test3 -->
      </class> <!-- com.qa.java.demoqa.ToolsQATest -->
    </test> <!-- Default test -->
  </suite> <!-- Default suite -->
</testng-results>
